INFO  Validating config
INFO  Start processing
INFO  
------------------------------------------------
|                                              |
|     ________  __            _        __      |
|    |_   __  |[  |          (_)      |  ]     |
|      | |_ \_| | | __   _   __   .--.| |      |
|      |  _|    | |[  | | | [  |/ /'`\' |      |
|     _| |_     | | | \_/ |, | || \__/  |      |
|    |_____|   [___]'.__.'_/[___]'.__.;__]     |
|                                              |
|             感谢使用 Fluid 主题              |
|    文档: https://hexo.fluid-dev.com/docs/    |
|                                              |
------------------------------------------------

INFO  Hexo is running at http://localhost:5222/ . Press Ctrl+C to stop.
(node:2261763) [DEP0066] DeprecationWarning: OutgoingMessage.prototype._headers is deprecated
(Use `node --trace-deprecation ...` to show where the warning was created)
INFO  Validating config
INFO  Start processing
INFO  
------------------------------------------------
|                                              |
|     ________  __            _        __      |
|    |_   __  |[  |          (_)      |  ]     |
|      | |_ \_| | | __   _   __   .--.| |      |
|      |  _|    | |[  | | | [  |/ /'`\' |      |
|     _| |_     | | | \_/ |, | || \__/  |      |
|    |_____|   [___]'.__.'_/[___]'.__.;__]     |
|                                              |
|             感谢使用 Fluid 主题              |
|    文档: https://hexo.fluid-dev.com/docs/    |
|                                              |
------------------------------------------------

INFO  Hexo is running at http://localhost:5222/ . Press Ctrl+C to stop.
(node:2263710) [DEP0066] DeprecationWarning: OutgoingMessage.prototype._headers is deprecated
(Use `node --trace-deprecation ...` to show where the warning was created)
INFO  Validating config
INFO  Start processing
INFO  
------------------------------------------------
|                                              |
|     ________  __            _        __      |
|    |_   __  |[  |          (_)      |  ]     |
|      | |_ \_| | | __   _   __   .--.| |      |
|      |  _|    | |[  | | | [  |/ /'`\' |      |
|     _| |_     | | | \_/ |, | || \__/  |      |
|    |_____|   [___]'.__.'_/[___]'.__.;__]     |
|                                              |
|             感谢使用 Fluid 主题              |
|    文档: https://hexo.fluid-dev.com/docs/    |
|                                              |
------------------------------------------------

INFO  Hexo is running at http://localhost:5222/ . Press Ctrl+C to stop.
(node:2264802) [DEP0066] DeprecationWarning: OutgoingMessage.prototype._headers is deprecated
(Use `node --trace-deprecation ...` to show where the warning was created)
INFO  Validating config
INFO  Start processing
INFO  
------------------------------------------------
|                                              |
|     ________  __            _        __      |
|    |_   __  |[  |          (_)      |  ]     |
|      | |_ \_| | | __   _   __   .--.| |      |
|      |  _|    | |[  | | | [  |/ /'`\' |      |
|     _| |_     | | | \_/ |, | || \__/  |      |
|    |_____|   [___]'.__.'_/[___]'.__.;__]     |
|                                              |
|             感谢使用 Fluid 主题              |
|    文档: https://hexo.fluid-dev.com/docs/    |
|                                              |
------------------------------------------------

INFO  Hexo is running at http://localhost:5222/ . Press Ctrl+C to stop.
(node:2270288) [DEP0066] DeprecationWarning: OutgoingMessage.prototype._headers is deprecated
(Use `node --trace-deprecation ...` to show where the warning was created)
